<?xml version="1.0" encoding="UTF-8"?>
<!-- Generated by org.testng.reporters.JUnitXMLReporter -->
<testsuite hostname="DESKTOP-PKMC2016" ignored="0" name="Add Delete Stock Test" tests="2" failures="0" timestamp="26 Sep 2018 22:02:46 GMT" time="0.148" errors="0">
  <testcase name="addStockTest" time="0.001" classname="com.qtpselenium.rediff.hybrid.testcases.stocksuite.AddDelStockTest">
    <skipped/>
  </testcase> <!-- addStockTest -->
  <testcase name="deleteStockTest" time="0.001" classname="com.qtpselenium.rediff.hybrid.testcases.stocksuite.AddDelStockTest">
    <skipped/>
  </testcase> <!-- deleteStockTest -->
</testsuite> <!-- Add Delete Stock Test -->
