<?xml version="1.0" encoding="UTF-8"?>
<!-- Generated by org.testng.reporters.JUnitXMLReporter -->
<testsuite hostname="DESKTOP-PKMC2016" ignored="0" name="Portfolio Test" tests="2" failures="0" timestamp="26 Sep 2018 22:02:46 GMT" time="0.094" errors="0">
  <testcase name="buyOrSellStockTest" time="0.001" classname="com.qtpselenium.rediff.hybrid.testcases.stocksuite.BuySellStockTest">
    <skipped/>
  </testcase> <!-- buyOrSellStockTest -->
  <testcase name="checkTransactionHistoryTest" time="0.0" classname="com.qtpselenium.rediff.hybrid.testcases.stocksuite.BuySellStockTest">
    <skipped/>
  </testcase> <!-- checkTransactionHistoryTest -->
</testsuite> <!-- Portfolio Test -->
